<?xml version="1.0" encoding="UTF-8"?>
<!-- Generated by org.testng.reporters.JUnitReportReporter -->
<testsuite hostname="SL2037" failures="0" tests="3" name="Maven.MathCon01.SupportLink" time="14.857" errors="0" timestamp="2021-09-29T14:20:47 CDT" skipped="0">
  <testcase classname="Maven.MathCon01.SupportLink" name="test03" time="0.864"/>
  <system-out/>
  <testcase classname="Maven.MathCon01.SupportLink" name="test01" time="11.981"/>
  <system-out/>
  <testcase classname="Maven.MathCon01.SupportLink" name="test02" time="2.012"/>
  <system-out/>
</testsuite> <!-- Maven.MathCon01.SupportLink -->
