<?xml version="1.0" encoding="UTF-8"?>
<!-- Generated by org.testng.reporters.JUnitReportReporter -->
<testsuite hostname="SL2037" failures="0" tests="3" name="Maven.MathCon01.ClickingAnswersMultiple" time="29.644" errors="0" timestamp="2021-09-29T13:35:38 CDT" skipped="0">
  <testcase classname="Maven.MathCon01.ClickingAnswersMultiple" name="test01" time="11.881"/>
  <system-out/>
  <testcase classname="Maven.MathCon01.ClickingAnswersMultiple" name="test03" time="14.930"/>
  <system-out/>
  <testcase classname="Maven.MathCon01.ClickingAnswersMultiple" name="test02" time="2.833"/>
  <system-out/>
</testsuite> <!-- Maven.MathCon01.ClickingAnswersMultiple -->
