<?xml version="1.0" encoding="UTF-8"?>
<!-- Generated by org.testng.reporters.JUnitReportReporter -->
<testsuite hostname="SL2037" failures="0" tests="3" name="Maven.MathCon01.Test02" time="13.311" errors="0" timestamp="2021-09-29T10:09:42 CDT" skipped="0">
  <testcase classname="Maven.MathCon01.Test02" name="test01" time="7.323"/>
  <system-out/>
  <testcase classname="Maven.MathCon01.Test02" name="test02" time="1.945"/>
  <system-out/>
  <testcase classname="Maven.MathCon01.Test02" name="test03" time="4.043"/>
  <system-out/>
</testsuite> <!-- Maven.MathCon01.Test02 -->
