<?xml version="1.0" encoding="UTF-8"?>
<!-- Generated by org.testng.reporters.JUnitReportReporter -->
<testsuite hostname="SL2037" failures="0" tests="3" name="Maven.MathCon01.BuyMoreTests" time="11.739" errors="0" timestamp="2021-09-29T11:17:36 CDT" skipped="0">
  <testcase classname="Maven.MathCon01.BuyMoreTests" name="test01" time="7.869"/>
  <system-out/>
  <testcase classname="Maven.MathCon01.BuyMoreTests" name="test02" time="1.643"/>
  <system-out/>
  <testcase classname="Maven.MathCon01.BuyMoreTests" name="test03" time="2.227"/>
  <system-out/>
</testsuite> <!-- Maven.MathCon01.BuyMoreTests -->
