<?xml version="1.0" encoding="UTF-8"?>
<!-- Generated by org.testng.reporters.JUnitReportReporter -->
<testsuite hostname="SL2037" failures="0" tests="3" name="Maven.MathCon01.NextPreviousButtons" time="19.240" errors="0" timestamp="2021-09-29T13:32:44 CDT" skipped="0">
  <testcase classname="Maven.MathCon01.NextPreviousButtons" name="test01" time="9.544"/>
  <system-out/>
  <testcase classname="Maven.MathCon01.NextPreviousButtons" name="test02" time="2.343"/>
  <system-out/>
  <testcase classname="Maven.MathCon01.NextPreviousButtons" name="test03" time="7.353"/>
  <system-out/>
</testsuite> <!-- Maven.MathCon01.NextPreviousButtons -->
