<?xml version="1.0" encoding="UTF-8"?>
<!-- Generated by org.testng.reporters.JUnitReportReporter -->
<testsuite hostname="SL2037" failures="0" tests="3" name="Maven.MathCon01.Test01" time="36.699" errors="0" timestamp="2021-09-29T12:12:39 CDT" skipped="0">
  <testcase classname="Maven.MathCon01.Test01" name="test03" time="23.041"/>
  <system-out/>
  <testcase classname="Maven.MathCon01.Test01" name="test01" time="11.452"/>
  <system-out/>
  <testcase classname="Maven.MathCon01.Test01" name="test02" time="2.206"/>
  <system-out/>
</testsuite> <!-- Maven.MathCon01.Test01 -->
